# JRE version: Java(TM) SE Runtime Environment (10.0.2+13) (build 10.0.2+13)
# Java VM: Java HotSpot(TM) 64-Bit Server VM (10.0.2+13, mixed mode, tiered, compressed oops, g1 gc, windows-amd64)
Heap:
 garbage-first heap   total 262144K, used 119897K [0x00000000e0000000, 0x0000000100000000)
  region size 1024K, 103 young (105472K), 20 survivors (20480K)
 Metaspace       used 49006K, capacity 50008K, committed 50512K, reserved 299008K
  class space    used 6082K, capacity 6432K, committed 6480K, reserved 253952K
GC Heap History (10 events):
Event: 0.622 GC heap before
{Heap before GC invocations=0 (full 0):
 garbage-first heap   total 262144K, used 30720K [0x00000000e0000000, 0x0000000100000000)
  region size 1024K, 24 young (24576K), 0 survivors (0K)
 Metaspace       used 10724K, capacity 10972K, committed 11264K, reserved 264192K
  class space    used 1093K, capacity 1154K, committed 1280K, reserved 253952K
}
Event: 0.626 GC heap after
{Heap after GC invocations=1 (full 0):
 garbage-first heap   total 262144K, used 8872K [0x00000000e0000000, 0x0000000100000000)
  region size 1024K, 3 young (3072K), 3 survivors (3072K)
 Metaspace       used 10724K, capacity 10972K, committed 11264K, reserved 264192K
  class space    used 1093K, capacity 1154K, committed 1280K, reserved 253952K
}
Event: 2.575 GC heap before
{Heap before GC invocations=1 (full 0):
 garbage-first heap   total 262144K, used 93864K [0x00000000e0000000, 0x0000000100000000)
  region size 1024K, 86 young (88064K), 3 survivors (3072K)
 Metaspace       used 20632K, capacity 21054K, committed 21296K, reserved 274432K
  class space    used 2495K, capacity 2657K, committed 2688K, reserved 253952K
}
Event: 2.582 GC heap after
{Heap after GC invocations=2 (full 0):
 garbage-first heap   total 262144K, used 16319K [0x00000000e0000000, 0x0000000100000000)
  region size 1024K, 11 young (11264K), 11 survivors (11264K)
 Metaspace       used 20632K, capacity 21054K, committed 21296K, reserved 274432K
  class space    used 2495K, capacity 2657K, committed 2688K, reserved 253952K
}
Event: 3.745 GC heap before
{Heap before GC invocations=3 (full 0):
 garbage-first heap   total 262144K, used 103359K [0x00000000e0000000, 0x0000000100000000)
  region size 1024K, 94 young (96256K), 11 survivors (11264K)
 Metaspace       used 34930K, capacity 35420K, committed 35920K, reserved 286720K
  class space    used 4168K, capacity 4372K, committed 4432K, reserved 253952K
}
Event: 3.756 GC heap after
{Heap after GC invocations=4 (full 0):
 garbage-first heap   total 262144K, used 21540K [0x00000000e0000000, 0x0000000100000000)
  region size 1024K, 6 young (6144K), 6 survivors (6144K)
 Metaspace       used 34930K, capacity 35420K, committed 35920K, reserved 286720K
  class space    used 4168K, capacity 4372K, committed 4432K, reserved 253952K
}
Event: 4.837 GC heap before
{Heap before GC invocations=5 (full 0):
 garbage-first heap   total 262144K, used 112676K [0x00000000e0000000, 0x0000000100000000)
  region size 1024K, 95 young (97280K), 6 survivors (6144K)
 Metaspace       used 43217K, capacity 43898K, committed 44368K, reserved 292864K
  class space    used 5452K, capacity 5696K, committed 5712K, reserved 253952K
}
Event: 4.845 GC heap after
{Heap after GC invocations=6 (full 0):
 garbage-first heap   total 262144K, used 26006K [0x00000000e0000000, 0x0000000100000000)
  region size 1024K, 10 young (10240K), 10 survivors (10240K)
 Metaspace       used 43217K, capacity 43898K, committed 44368K, reserved 292864K
  class space    used 5452K, capacity 5696K, committed 5712K, reserved 253952K
}
Event: 6.130 GC heap before
{Heap before GC invocations=6 (full 0):
 garbage-first heap   total 262144K, used 172438K [0x00000000e0000000, 0x0000000100000000)
  region size 1024K, 153 young (156672K), 10 survivors (10240K)
 Metaspace       used 48500K, capacity 49378K, committed 50000K, reserved 299008K
  class space    used 6074K, capacity 6421K, committed 6480K, reserved 253952K
}
Event: 6.146 GC heap after
{Heap after GC invocations=7 (full 0):
 garbage-first heap   total 262144K, used 35929K [0x00000000e0000000, 0x0000000100000000)
  region size 1024K, 20 young (20480K), 20 survivors (20480K)
 Metaspace       used 48500K, capacity 49378K, committed 50000K, reserved 299008K
  class space    used 6074K, capacity 6421K, committed 6480K, reserved 253952K
}

