# JRE version: Java(TM) SE Runtime Environment (10.0.2+13) (build 10.0.2+13)
# Java VM: Java HotSpot(TM) 64-Bit Server VM (10.0.2+13, mixed mode, tiered, compressed oops, g1 gc, windows-amd64)
Heap:
 garbage-first heap   total 262144K, used 84005K [0x00000000e0000000, 0x0000000100000000)
  region size 1024K, 67 young (68608K), 10 survivors (10240K)
 Metaspace       used 47883K, capacity 48771K, committed 49488K, reserved 296960K
  class space    used 6028K, capacity 6371K, committed 6480K, reserved 253952K
GC Heap History (8 events):
Event: 0.929 GC heap before
{Heap before GC invocations=0 (full 0):
 garbage-first heap   total 262144K, used 30720K [0x00000000e0000000, 0x0000000100000000)
  region size 1024K, 24 young (24576K), 0 survivors (0K)
 Metaspace       used 10738K, capacity 10976K, committed 11264K, reserved 264192K
  class space    used 1093K, capacity 1154K, committed 1280K, reserved 253952K
}
Event: 0.933 GC heap after
{Heap after GC invocations=1 (full 0):
 garbage-first heap   total 262144K, used 8971K [0x00000000e0000000, 0x0000000100000000)
  region size 1024K, 3 young (3072K), 3 survivors (3072K)
 Metaspace       used 10738K, capacity 10976K, committed 11264K, reserved 264192K
  class space    used 1093K, capacity 1154K, committed 1280K, reserved 253952K
}
Event: 9.085 GC heap before
{Heap before GC invocations=1 (full 0):
 garbage-first heap   total 262144K, used 93963K [0x00000000e0000000, 0x0000000100000000)
  region size 1024K, 86 young (88064K), 3 survivors (3072K)
 Metaspace       used 20636K, capacity 21058K, committed 21296K, reserved 274432K
  class space    used 2495K, capacity 2657K, committed 2688K, reserved 253952K
}
Event: 9.107 GC heap after
{Heap after GC invocations=2 (full 0):
 garbage-first heap   total 262144K, used 16985K [0x00000000e0000000, 0x0000000100000000)
  region size 1024K, 11 young (11264K), 11 survivors (11264K)
 Metaspace       used 20636K, capacity 21058K, committed 21296K, reserved 274432K
  class space    used 2495K, capacity 2657K, committed 2688K, reserved 253952K
}
Event: 11.930 GC heap before
{Heap before GC invocations=3 (full 0):
 garbage-first heap   total 262144K, used 103001K [0x00000000e0000000, 0x0000000100000000)
  region size 1024K, 93 young (95232K), 11 survivors (11264K)
 Metaspace       used 34961K, capacity 35456K, committed 35920K, reserved 286720K
  class space    used 4171K, capacity 4404K, committed 4432K, reserved 253952K
}
Event: 11.943 GC heap after
{Heap after GC invocations=4 (full 0):
 garbage-first heap   total 262144K, used 21897K [0x00000000e0000000, 0x0000000100000000)
  region size 1024K, 6 young (6144K), 6 survivors (6144K)
 Metaspace       used 34961K, capacity 35456K, committed 35920K, reserved 286720K
  class space    used 4171K, capacity 4404K, committed 4432K, reserved 253952K
}
Event: 13.667 GC heap before
{Heap before GC invocations=5 (full 0):
 garbage-first heap   total 262144K, used 115081K [0x00000000e0000000, 0x0000000100000000)
  region size 1024K, 97 young (99328K), 6 survivors (6144K)
 Metaspace       used 43267K, capacity 44048K, committed 44624K, reserved 292864K
  class space    used 5455K, capacity 5702K, committed 5712K, reserved 253952K
}
Event: 13.676 GC heap after
{Heap after GC invocations=6 (full 0):
 garbage-first heap   total 262144K, used 26661K [0x00000000e0000000, 0x0000000100000000)
  region size 1024K, 10 young (10240K), 10 survivors (10240K)
 Metaspace       used 43267K, capacity 44048K, committed 44624K, reserved 292864K
  class space    used 5455K, capacity 5702K, committed 5712K, reserved 253952K
}

