# JRE version: Java(TM) SE Runtime Environment (10.0.2+13) (build 10.0.2+13)
# Java VM: Java HotSpot(TM) 64-Bit Server VM (10.0.2+13, mixed mode, tiered, compressed oops, g1 gc, windows-amd64)
Heap:
 garbage-first heap   total 262144K, used 85146K [0x00000000e0000000, 0x0000000100000000)
  region size 1024K, 34 young (34816K), 14 survivors (14336K)
 Metaspace       used 58816K, capacity 59943K, committed 60752K, reserved 307200K
  class space    used 7247K, capacity 7663K, committed 7760K, reserved 253952K
GC Heap History (10 events):
Event: 3.883 GC heap before
{Heap before GC invocations=4 (full 0):
 garbage-first heap   total 262144K, used 22356K [0x00000000e0000000, 0x0000000100000000)
  region size 1024K, 8 young (8192K), 6 survivors (6144K)
 Metaspace       used 34933K, capacity 35420K, committed 35920K, reserved 286720K
  class space    used 4169K, capacity 4372K, committed 4432K, reserved 253952K
}
Event: 3.888 GC heap after
{Heap after GC invocations=5 (full 0):
 garbage-first heap   total 262144K, used 21334K [0x00000000e0000000, 0x0000000100000000)
  region size 1024K, 6 young (6144K), 6 survivors (6144K)
 Metaspace       used 34933K, capacity 35420K, committed 35920K, reserved 286720K
  class space    used 4169K, capacity 4372K, committed 4432K, reserved 253952K
}
Event: 5.301 GC heap before
{Heap before GC invocations=6 (full 0):
 garbage-first heap   total 262144K, used 142166K [0x00000000e0000000, 0x0000000100000000)
  region size 1024K, 124 young (126976K), 6 survivors (6144K)
 Metaspace       used 44175K, capacity 44999K, committed 45648K, reserved 294912K
  class space    used 5596K, capacity 5871K, committed 5968K, reserved 253952K
}
Event: 5.312 GC heap after
{Heap after GC invocations=7 (full 0):
 garbage-first heap   total 262144K, used 27979K [0x00000000e0000000, 0x0000000100000000)
  region size 1024K, 12 young (12288K), 12 survivors (12288K)
 Metaspace       used 44175K, capacity 44999K, committed 45648K, reserved 294912K
  class space    used 5596K, capacity 5871K, committed 5968K, reserved 253952K
}
Event: 8.138 GC heap before
{Heap before GC invocations=7 (full 0):
 garbage-first heap   total 262144K, used 172363K [0x00000000e0000000, 0x0000000100000000)
  region size 1024K, 153 young (156672K), 12 survivors (12288K)
 Metaspace       used 48725K, capacity 49745K, committed 50512K, reserved 299008K
  class space    used 6080K, capacity 6431K, committed 6480K, reserved 253952K
}
Event: 8.155 GC heap after
{Heap after GC invocations=8 (full 0):
 garbage-first heap   total 262144K, used 37545K [0x00000000e0000000, 0x0000000100000000)
  region size 1024K, 17 young (17408K), 17 survivors (17408K)
 Metaspace       used 48725K, capacity 49745K, committed 50512K, reserved 299008K
  class space    used 6080K, capacity 6431K, committed 6480K, reserved 253952K
}
Event: 11.131 GC heap before
{Heap before GC invocations=8 (full 0):
 garbage-first heap   total 262144K, used 178857K [0x00000000e0000000, 0x0000000100000000)
  region size 1024K, 153 young (156672K), 17 survivors (17408K)
 Metaspace       used 51770K, capacity 52675K, committed 53456K, reserved 301056K
  class space    used 6447K, capacity 6769K, committed 6864K, reserved 253952K
}
Event: 11.154 GC heap after
{Heap after GC invocations=9 (full 0):
 garbage-first heap   total 262144K, used 49781K [0x00000000e0000000, 0x0000000100000000)
  region size 1024K, 20 young (20480K), 20 survivors (20480K)
 Metaspace       used 51770K, capacity 52675K, committed 53456K, reserved 301056K
  class space    used 6447K, capacity 6769K, committed 6864K, reserved 253952K
}
Event: 13.659 GC heap before
{Heap before GC invocations=9 (full 0):
 garbage-first heap   total 262144K, used 139893K [0x00000000e0000000, 0x0000000100000000)
  region size 1024K, 108 young (110592K), 20 survivors (20480K)
 Metaspace       used 58535K, capacity 59535K, committed 60240K, reserved 307200K
  class space    used 7220K, capacity 7633K, committed 7760K, reserved 253952K
}
Event: 13.684 GC heap after
{Heap after GC invocations=10 (full 0):
 garbage-first heap   total 262144K, used 65690K [0x00000000e0000000, 0x0000000100000000)
  region size 1024K, 14 young (14336K), 14 survivors (14336K)
 Metaspace       used 58535K, capacity 59535K, committed 60240K, reserved 307200K
  class space    used 7220K, capacity 7633K, committed 7760K, reserved 253952K
}

